c:\users\ahmad\source\repos\grafika komputer dan visualisasi\vs\lesson03\debug\vc142.pdb
c:\users\ahmad\source\repos\grafika komputer dan visualisasi\vs\lesson03\debug\vc142.idb
c:\users\ahmad\source\repos\grafika komputer dan visualisasi\vs\lesson03\debug\glad.obj
c:\users\ahmad\source\repos\grafika komputer dan visualisasi\vs\lesson03\debug\renderengine.obj
c:\users\ahmad\source\repos\grafika komputer dan visualisasi\vs\lesson03\debug\demo.obj
c:\users\ahmad\source\repos\tugas-1-grafika-komputer-a-master\vs\lesson03\debug\vc142.pdb
c:\users\ahmad\source\repos\tugas-1-grafika-komputer-a-master\vs\lesson03\debug\vc142.idb
c:\users\ahmad\source\repos\tugas-1-grafika-komputer-a-master\vs\lesson03\debug\glad.obj
c:\users\ahmad\source\repos\tugas-1-grafika-komputer-a-master\vs\lesson03\debug\renderengine.obj
c:\users\ahmad\source\repos\tugas-1-grafika-komputer-a-master\vs\lesson03\debug\demo.obj
c:\users\ahmad\source\repos\grafika komputer dan visualisasi\vs\debug\meja.exe
c:\users\ahmad\source\repos\grafika komputer dan visualisasi\vs\lesson03\debug\meja.ilk
c:\users\ahmad\source\repos\grafika komputer dan visualisasi\vs\debug\meja.pdb
c:\users\ahmad\source\repos\tugas-1-grafika-komputer-a-master\vs\lesson03\debug\meja.ilk
c:\users\ahmad\source\repos\tugas-1-grafika-komputer-a-master\vs\debug\meja.exe
c:\users\ahmad\source\repos\tugas-1-grafika-komputer-a-master\vs\debug\meja.pdb
c:\users\ahmad\source\repos\tugas-1-grafika-komputer-a-master\vs\lesson03\debug\lesson03.ilk
c:\users\ahmad\source\repos\tugas-1-grafika-komputer-a-master\vs\lesson03\debug\meja.tlog\cl.command.1.tlog
c:\users\ahmad\source\repos\tugas-1-grafika-komputer-a-master\vs\lesson03\debug\meja.tlog\cl.read.1.tlog
c:\users\ahmad\source\repos\tugas-1-grafika-komputer-a-master\vs\lesson03\debug\meja.tlog\cl.write.1.tlog
c:\users\ahmad\source\repos\tugas-1-grafika-komputer-a-master\vs\lesson03\debug\meja.tlog\link.command.1.tlog
c:\users\ahmad\source\repos\tugas-1-grafika-komputer-a-master\vs\lesson03\debug\meja.tlog\link.read.1.tlog
c:\users\ahmad\source\repos\tugas-1-grafika-komputer-a-master\vs\lesson03\debug\meja.tlog\link.write.1.tlog
